<?xml version="1.0" encoding="UTF-8"?>
<!-- Generated by org.testng.reporters.JUnitReportReporter -->
<testsuite skipped="1" hostname="DESKTOP-BVJPOKO" name="tests.SearchTest" tests="2" failures="0" timestamp="09 אוג 2019 06:23:15 GMT" time="15.711" errors="1">
  <testcase name="search" time="0.000" classname="tests.SearchTest">
    <skipped/>
  </testcase> <!-- search -->
  <testcase name="setup" time="15.711" classname="tests.SearchTest">
    <error type="org.openqa.selenium.SessionNotCreatedException" message="session not created
from chrome not reachable
  (Session info: chrome=76.0.3809.100)
Build info: version: &#039;3.141.59&#039;, revision: &#039;e82be7d358&#039;, time: &#039;2018-11-14T08:25:48&#039;
System info: host: &#039;DESKTOP-BVJPOKO&#039;, ip: &#039;192.168.1.35&#039;, os.name: &#039;Windows 10&#039;, os.arch: &#039;amd64&#039;, os.version: &#039;10.0&#039;, java.version: &#039;1.8.0_202&#039;
Driver info: driver.version: ChromeDriver
remote stacktrace: Backtrace:
	Ordinal0 [0x00CB1B23+1448739]
	Ordinal0 [0x00C35A11+940561]
	Ordinal0 [0x00BC213C+467260]
	Ordinal0 [0x00BBBB2E+441134]
	Ordinal0 [0x00BBC1C8+442824]
	Ordinal0 [0x00BBD275+447093]
	Ordinal0 [0x00BB9515+431381]
	Ordinal0 [0x00BC2EF0+470768]
	Ordinal0 [0x00B794CE+169166]
	Ordinal0 [0x00B788ED+166125]
	Ordinal0 [0x00B76FFB+159739]
	Ordinal0 [0x00B609F6+68086]
	Ordinal0 [0x00B61990+72080]
	Ordinal0 [0x00B61929+71977]
	GetHandleVerifier [0x00DF2E4C+1172140]
	GetHandleVerifier [0x00D4FE35+504469]
	GetHandleVerifier [0x00D4FBD0+503856]
	Ordinal0 [0x00CBC9A8+1493416]
	GetHandleVerifier [0x00D5060A+506474]
	Ordinal0 [0x00C47136+1012022]
	Ordinal0 [0x00C46FAF+1011631]
	Ordinal0 [0x00C5133B+1053499]
	Ordinal0 [0x00C514A3+1053859]
	Ordinal0 [0x00C504D5+1049813]
	BaseThreadInitThunk [0x75B16359+25]
	RtlGetAppContainerNamedObjectPath [0x777F7A94+228]
	RtlGetAppContainerNamedObjectPath [0x777F7A64+180]
">
      <![CDATA[org.openqa.selenium.SessionNotCreatedException: session not created
from chrome not reachable
  (Session info: chrome=76.0.3809.100)
Build info: version: '3.141.59', revision: 'e82be7d358', time: '2018-11-14T08:25:48'
System info: host: 'DESKTOP-BVJPOKO', ip: '192.168.1.35', os.name: 'Windows 10', os.arch: 'amd64', os.version: '10.0', java.version: '1.8.0_202'
Driver info: driver.version: ChromeDriver
remote stacktrace: Backtrace:
Ordinal0 [0x00CB1B23+1448739]
Ordinal0 [0x00C35A11+940561]
Ordinal0 [0x00BC213C+467260]
Ordinal0 [0x00BBBB2E+441134]
Ordinal0 [0x00BBC1C8+442824]
Ordinal0 [0x00BBD275+447093]
Ordinal0 [0x00BB9515+431381]
Ordinal0 [0x00BC2EF0+470768]
Ordinal0 [0x00B794CE+169166]
Ordinal0 [0x00B788ED+166125]
Ordinal0 [0x00B76FFB+159739]
Ordinal0 [0x00B609F6+68086]
Ordinal0 [0x00B61990+72080]
Ordinal0 [0x00B61929+71977]
GetHandleVerifier [0x00DF2E4C+1172140]
GetHandleVerifier [0x00D4FE35+504469]
GetHandleVerifier [0x00D4FBD0+503856]
Ordinal0 [0x00CBC9A8+1493416]
GetHandleVerifier [0x00D5060A+506474]
Ordinal0 [0x00C47136+1012022]
Ordinal0 [0x00C46FAF+1011631]
Ordinal0 [0x00C5133B+1053499]
Ordinal0 [0x00C514A3+1053859]
Ordinal0 [0x00C504D5+1049813]
BaseThreadInitThunk [0x75B16359+25]
RtlGetAppContainerNamedObjectPath [0x777F7A94+228]
RtlGetAppContainerNamedObjectPath [0x777F7A64+180]

at sun.reflect.NativeConstructorAccessorImpl.newInstance0(Native Method)
at sun.reflect.NativeConstructorAccessorImpl.newInstance(Unknown Source)
at sun.reflect.DelegatingConstructorAccessorImpl.newInstance(Unknown Source)
at java.lang.reflect.Constructor.newInstance(Unknown Source)
at org.openqa.selenium.remote.W3CHandshakeResponse.lambda$errorHandler$0(W3CHandshakeResponse.java:62)
at org.openqa.selenium.remote.HandshakeResponse.lambda$getResponseFunction$0(HandshakeResponse.java:30)
at org.openqa.selenium.remote.ProtocolHandshake.lambda$createSession$0(ProtocolHandshake.java:126)
at java.util.stream.ReferencePipeline$3$1.accept(Unknown Source)
at java.util.Spliterators$ArraySpliterator.tryAdvance(Unknown Source)
at java.util.stream.ReferencePipeline.forEachWithCancel(Unknown Source)
at java.util.stream.AbstractPipeline.copyIntoWithCancel(Unknown Source)
at java.util.stream.AbstractPipeline.copyInto(Unknown Source)
at java.util.stream.AbstractPipeline.wrapAndCopyInto(Unknown Source)
at java.util.stream.FindOps$FindOp.evaluateSequential(Unknown Source)
at java.util.stream.AbstractPipeline.evaluate(Unknown Source)
at java.util.stream.ReferencePipeline.findFirst(Unknown Source)
at org.openqa.selenium.remote.ProtocolHandshake.createSession(ProtocolHandshake.java:128)
at org.openqa.selenium.remote.ProtocolHandshake.createSession(ProtocolHandshake.java:74)
at org.openqa.selenium.remote.HttpCommandExecutor.execute(HttpCommandExecutor.java:136)
at org.openqa.selenium.remote.service.DriverCommandExecutor.execute(DriverCommandExecutor.java:83)
at org.openqa.selenium.remote.RemoteWebDriver.execute(RemoteWebDriver.java:552)
at org.openqa.selenium.remote.RemoteWebDriver.startSession(RemoteWebDriver.java:213)
at org.openqa.selenium.remote.RemoteWebDriver.<init>(RemoteWebDriver.java:131)
at org.openqa.selenium.chrome.ChromeDriver.<init>(ChromeDriver.java:181)
at org.openqa.selenium.chrome.ChromeDriver.<init>(ChromeDriver.java:168)
at org.openqa.selenium.chrome.ChromeDriver.<init>(ChromeDriver.java:123)
at tests.BaseTest.setup(BaseTest.java:17)
at sun.reflect.NativeMethodAccessorImpl.invoke0(Native Method)
at sun.reflect.NativeMethodAccessorImpl.invoke(Unknown Source)
at sun.reflect.DelegatingMethodAccessorImpl.invoke(Unknown Source)
at java.lang.reflect.Method.invoke(Unknown Source)
at org.testng.internal.MethodInvocationHelper.invokeMethod(MethodInvocationHelper.java:124)
at org.testng.internal.MethodInvocationHelper.invokeMethodConsideringTimeout(MethodInvocationHelper.java:59)
at org.testng.internal.Invoker.invokeConfigurationMethod(Invoker.java:458)
at org.testng.internal.Invoker.invokeConfigurations(Invoker.java:222)
at org.testng.internal.Invoker.invokeConfigurations(Invoker.java:142)
at org.testng.internal.TestMethodWorker.invokeBeforeClassMethods(TestMethodWorker.java:168)
at org.testng.internal.TestMethodWorker.run(TestMethodWorker.java:105)
at org.testng.TestRunner.privateRun(TestRunner.java:648)
at org.testng.TestRunner.run(TestRunner.java:505)
at org.testng.SuiteRunner.runTest(SuiteRunner.java:455)
at org.testng.SuiteRunner.runSequentially(SuiteRunner.java:450)
at org.testng.SuiteRunner.privateRun(SuiteRunner.java:415)
at org.testng.SuiteRunner.run(SuiteRunner.java:364)
at org.testng.SuiteRunnerWorker.runSuite(SuiteRunnerWorker.java:52)
at org.testng.SuiteRunnerWorker.run(SuiteRunnerWorker.java:84)
at org.testng.TestNG.runSuitesSequentially(TestNG.java:1208)
at org.testng.TestNG.runSuitesLocally(TestNG.java:1137)
at org.testng.TestNG.runSuites(TestNG.java:1049)
at org.testng.TestNG.run(TestNG.java:1017)
at org.testng.remote.AbstractRemoteTestNG.run(AbstractRemoteTestNG.java:115)
at org.testng.remote.RemoteTestNG.initAndRun(RemoteTestNG.java:251)
at org.testng.remote.RemoteTestNG.main(RemoteTestNG.java:77)
]]>
    </error>
  </testcase> <!-- setup -->
</testsuite> <!-- tests.SearchTest -->
